<?xml version="1.0" encoding="UTF-8"?>
<coverage generated="1698620257804" clover="3.2.0">
  <project timestamp="1698620257804" name="All files">
    <metrics statements="273" coveredstatements="264" conditionals="126" coveredconditionals="70" methods="16" coveredmethods="14" elements="415" coveredelements="348" complexity="0" loc="273" ncloc="273" packages="1" files="1" classes="1"/>
    <file name="metrics.js" path="/Users/calixkim/Phase2/metrics.js">
      <metrics statements="273" coveredstatements="264" conditionals="126" coveredconditionals="70" methods="16" coveredmethods="14"/>
      <line num="1" count="1" type="stmt"/>
      <line num="2" count="1" type="cond" truecount="1" falsecount="1"/>
      <line num="3" count="35" type="cond" truecount="1" falsecount="1"/>
      <line num="4" count="35" type="cond" truecount="1" falsecount="0"/>
      <line num="5" count="35" type="cond" truecount="1" falsecount="1"/>
      <line num="6" count="35" type="stmt"/>
      <line num="7" count="35" type="cond" truecount="3" falsecount="0"/>
      <line num="8" count="35" type="stmt"/>
      <line num="9" count="35" type="stmt"/>
      <line num="10" count="35" type="stmt"/>
      <line num="11" count="1" type="cond" truecount="1" falsecount="1"/>
      <line num="12" count="35" type="cond" truecount="1" falsecount="1"/>
      <line num="13" count="35" type="stmt"/>
      <line num="14" count="35" type="cond" truecount="2" falsecount="0"/>
      <line num="15" count="35" type="cond" truecount="1" falsecount="0"/>
      <line num="16" count="40" type="cond" truecount="0" falsecount="1"/>
      <line num="17" count="40" type="cond" truecount="1" falsecount="0"/>
      <line num="18" count="80" type="cond" truecount="0" falsecount="3"/>
      <line num="19" count="80" type="cond" truecount="0" falsecount="1"/>
      <line num="20" count="80" type="stmt"/>
      <line num="21" count="80" type="cond" truecount="2" falsecount="0"/>
      <line num="22" count="80" type="cond" truecount="1" falsecount="0"/>
      <line num="23" count="80" type="cond" truecount="0" falsecount="1"/>
      <line num="24" count="80" type="cond" truecount="0" falsecount="1"/>
      <line num="25" count="80" type="cond" truecount="1" falsecount="0"/>
      <line num="26" count="35" type="cond" truecount="0" falsecount="2"/>
      <line num="27" count="35" type="cond" truecount="0" falsecount="1"/>
      <line num="28" count="35" type="cond" truecount="0" falsecount="1"/>
      <line num="29" count="35" type="cond" truecount="0" falsecount="1"/>
      <line num="30" count="0" type="stmt"/>
      <line num="31" count="0" type="stmt"/>
      <line num="32" count="80" type="cond" truecount="1" falsecount="0"/>
      <line num="33" count="40" type="stmt"/>
      <line num="34" count="80" type="cond" truecount="2" falsecount="1"/>
      <line num="35" count="40" type="cond" truecount="1" falsecount="2"/>
      <line num="36" count="40" type="stmt"/>
      <line num="37" count="35" type="stmt"/>
      <line num="38" count="1" type="stmt"/>
      <line num="39" count="1" type="stmt"/>
      <line num="40" count="1" type="stmt"/>
      <line num="41" count="10" type="cond" truecount="1" falsecount="0"/>
      <line num="42" count="10" type="cond" truecount="1" falsecount="0"/>
      <line num="43" count="10" type="stmt"/>
      <line num="44" count="10" type="cond" truecount="1" falsecount="0"/>
      <line num="45" count="10" type="stmt"/>
      <line num="46" count="10" type="stmt"/>
      <line num="47" count="10" type="stmt"/>
      <line num="48" count="10" type="stmt"/>
      <line num="49" count="10" type="cond" truecount="1" falsecount="0"/>
      <line num="50" count="25" type="cond" truecount="1" falsecount="0"/>
      <line num="51" count="18" type="stmt"/>
      <line num="52" count="18" type="stmt"/>
      <line num="53" count="25" type="cond" truecount="0" falsecount="1"/>
      <line num="54" count="0" type="stmt"/>
      <line num="55" count="0" type="stmt"/>
      <line num="56" count="25" type="stmt"/>
      <line num="57" count="10" type="stmt"/>
      <line num="58" count="10" type="stmt"/>
      <line num="59" count="10" type="cond" truecount="1" falsecount="0"/>
      <line num="60" count="25" type="cond" truecount="1" falsecount="0"/>
      <line num="61" count="18" type="stmt"/>
      <line num="62" count="18" type="stmt"/>
      <line num="63" count="25" type="stmt"/>
      <line num="64" count="10" type="cond" truecount="1" falsecount="0"/>
      <line num="65" count="5" type="stmt"/>
      <line num="66" count="5" type="stmt"/>
      <line num="67" count="5" type="stmt"/>
      <line num="68" count="5" type="stmt"/>
      <line num="69" count="5" type="cond" truecount="0" falsecount="1"/>
      <line num="70" count="0" type="stmt"/>
      <line num="71" count="10" type="stmt"/>
      <line num="72" count="10" type="stmt"/>
      <line num="73" count="10" type="stmt"/>
      <line num="74" count="1" type="stmt"/>
      <line num="75" count="1" type="stmt"/>
      <line num="76" count="6" type="cond" truecount="1" falsecount="0"/>
      <line num="77" count="6" type="cond" truecount="1" falsecount="0"/>
      <line num="78" count="6" type="stmt"/>
      <line num="79" count="6" type="cond" truecount="1" falsecount="0"/>
      <line num="80" count="6" type="stmt"/>
      <line num="81" count="6" type="cond" truecount="1" falsecount="0"/>
      <line num="82" count="2" type="stmt"/>
      <line num="83" count="2" type="stmt"/>
      <line num="84" count="4" type="cond" truecount="1" falsecount="0"/>
      <line num="85" count="4" type="stmt"/>
      <line num="86" count="4" type="cond" truecount="0" falsecount="1"/>
      <line num="87" count="0" type="stmt"/>
      <line num="88" count="6" type="stmt"/>
      <line num="89" count="6" type="stmt"/>
      <line num="90" count="6" type="stmt"/>
      <line num="91" count="1" type="stmt"/>
      <line num="92" count="1" type="stmt"/>
      <line num="93" count="5" type="cond" truecount="1" falsecount="0"/>
      <line num="94" count="5" type="cond" truecount="1" falsecount="0"/>
      <line num="95" count="5" type="cond" truecount="1" falsecount="0"/>
      <line num="96" count="5" type="cond" truecount="1" falsecount="0"/>
      <line num="97" count="1" type="stmt"/>
      <line num="98" count="1" type="stmt"/>
      <line num="99" count="4" type="cond" truecount="1" falsecount="0"/>
      <line num="100" count="4" type="stmt"/>
      <line num="101" count="4" type="cond" truecount="0" falsecount="1"/>
      <line num="102" count="0" type="stmt"/>
      <line num="103" count="5" type="stmt"/>
      <line num="104" count="5" type="stmt"/>
      <line num="105" count="5" type="stmt"/>
      <line num="106" count="1" type="stmt"/>
      <line num="107" count="1" type="stmt"/>
      <line num="108" count="5" type="cond" truecount="1" falsecount="0"/>
      <line num="109" count="5" type="cond" truecount="1" falsecount="0"/>
      <line num="110" count="5" type="cond" truecount="1" falsecount="0"/>
      <line num="111" count="5" type="cond" truecount="1" falsecount="0"/>
      <line num="112" count="1" type="stmt"/>
      <line num="113" count="1" type="stmt"/>
      <line num="114" count="4" type="cond" truecount="1" falsecount="0"/>
      <line num="115" count="4" type="stmt"/>
      <line num="116" count="4" type="stmt"/>
      <line num="117" count="5" type="stmt"/>
      <line num="118" count="5" type="cond" truecount="0" falsecount="1"/>
      <line num="119" count="5" type="stmt"/>
      <line num="120" count="5" type="cond" truecount="0" falsecount="1"/>
      <line num="121" count="5" type="stmt"/>
      <line num="122" count="5" type="cond" truecount="0" falsecount="1"/>
      <line num="123" count="5" type="stmt"/>
      <line num="124" count="5" type="cond" truecount="0" falsecount="1"/>
      <line num="125" count="5" type="stmt"/>
      <line num="126" count="5" type="cond" truecount="0" falsecount="1"/>
      <line num="127" count="5" type="stmt"/>
      <line num="128" count="5" type="cond" truecount="0" falsecount="1"/>
      <line num="129" count="5" type="stmt"/>
      <line num="130" count="5" type="cond" truecount="0" falsecount="1"/>
      <line num="131" count="5" type="stmt"/>
      <line num="132" count="5" type="cond" truecount="1" falsecount="0"/>
      <line num="133" count="5" type="stmt"/>
      <line num="134" count="5" type="cond" truecount="0" falsecount="1"/>
      <line num="135" count="5" type="stmt"/>
      <line num="136" count="5" type="cond" truecount="0" falsecount="1"/>
      <line num="137" count="5" type="stmt"/>
      <line num="138" count="5" type="cond" truecount="0" falsecount="1"/>
      <line num="139" count="5" type="stmt"/>
      <line num="140" count="5" type="cond" truecount="0" falsecount="1"/>
      <line num="141" count="5" type="stmt"/>
      <line num="142" count="5" type="cond" truecount="0" falsecount="1"/>
      <line num="143" count="5" type="stmt"/>
      <line num="144" count="5" type="cond" truecount="0" falsecount="1"/>
      <line num="145" count="5" type="stmt"/>
      <line num="146" count="5" type="cond" truecount="0" falsecount="1"/>
      <line num="147" count="5" type="stmt"/>
      <line num="148" count="5" type="cond" truecount="0" falsecount="1"/>
      <line num="149" count="5" type="stmt"/>
      <line num="150" count="5" type="cond" truecount="0" falsecount="1"/>
      <line num="151" count="5" type="stmt"/>
      <line num="152" count="5" type="cond" truecount="0" falsecount="1"/>
      <line num="153" count="5" type="stmt"/>
      <line num="154" count="5" type="cond" truecount="0" falsecount="1"/>
      <line num="155" count="5" type="stmt"/>
      <line num="156" count="5" type="cond" truecount="0" falsecount="1"/>
      <line num="157" count="5" type="stmt"/>
      <line num="158" count="5" type="cond" truecount="0" falsecount="1"/>
      <line num="159" count="5" type="stmt"/>
      <line num="160" count="5" type="cond" truecount="0" falsecount="1"/>
      <line num="161" count="5" type="stmt"/>
      <line num="162" count="5" type="cond" truecount="0" falsecount="1"/>
      <line num="163" count="5" type="stmt"/>
      <line num="164" count="5" type="cond" truecount="0" falsecount="1"/>
      <line num="165" count="5" type="stmt"/>
      <line num="166" count="5" type="cond" truecount="0" falsecount="1"/>
      <line num="167" count="5" type="stmt"/>
      <line num="168" count="5" type="cond" truecount="1" falsecount="0"/>
      <line num="169" count="5" type="stmt"/>
      <line num="170" count="5" type="cond" truecount="0" falsecount="1"/>
      <line num="171" count="5" type="stmt"/>
      <line num="172" count="5" type="cond" truecount="0" falsecount="1"/>
      <line num="173" count="5" type="stmt"/>
      <line num="174" count="5" type="cond" truecount="0" falsecount="1"/>
      <line num="175" count="5" type="stmt"/>
      <line num="176" count="5" type="cond" truecount="0" falsecount="1"/>
      <line num="177" count="5" type="stmt"/>
      <line num="178" count="5" type="cond" truecount="0" falsecount="1"/>
      <line num="179" count="5" type="stmt"/>
      <line num="180" count="5" type="cond" truecount="1" falsecount="0"/>
      <line num="181" count="1" type="stmt"/>
      <line num="182" count="5" type="cond" truecount="0" falsecount="1"/>
      <line num="183" count="5" type="stmt"/>
      <line num="184" count="5" type="cond" truecount="1" falsecount="0"/>
      <line num="185" count="2" type="stmt"/>
      <line num="186" count="5" type="cond" truecount="0" falsecount="1"/>
      <line num="187" count="0" type="stmt"/>
      <line num="188" count="5" type="stmt"/>
      <line num="189" count="5" type="stmt"/>
      <line num="190" count="5" type="stmt"/>
      <line num="191" count="1" type="stmt"/>
      <line num="192" count="1" type="stmt"/>
      <line num="193" count="8" type="cond" truecount="1" falsecount="0"/>
      <line num="194" count="8" type="cond" truecount="1" falsecount="0"/>
      <line num="195" count="8" type="cond" truecount="1" falsecount="0"/>
      <line num="196" count="8" type="cond" truecount="1" falsecount="0"/>
      <line num="197" count="2" type="stmt"/>
      <line num="198" count="2" type="stmt"/>
      <line num="199" count="6" type="cond" truecount="2" falsecount="0"/>
      <line num="200" count="1" type="stmt"/>
      <line num="201" count="1" type="stmt"/>
      <line num="202" count="5" type="cond" truecount="2" falsecount="0"/>
      <line num="203" count="1" type="stmt"/>
      <line num="204" count="1" type="stmt"/>
      <line num="205" count="4" type="cond" truecount="2" falsecount="0"/>
      <line num="206" count="1" type="stmt"/>
      <line num="207" count="1" type="stmt"/>
      <line num="208" count="3" type="cond" truecount="2" falsecount="0"/>
      <line num="209" count="1" type="stmt"/>
      <line num="210" count="1" type="stmt"/>
      <line num="211" count="2" type="cond" truecount="1" falsecount="0"/>
      <line num="212" count="2" type="stmt"/>
      <line num="213" count="2" type="cond" truecount="0" falsecount="1"/>
      <line num="214" count="0" type="stmt"/>
      <line num="215" count="8" type="stmt"/>
      <line num="216" count="8" type="stmt"/>
      <line num="217" count="8" type="stmt"/>
      <line num="218" count="1" type="stmt"/>
      <line num="219" count="1" type="stmt"/>
      <line num="220" count="1" type="cond" truecount="1" falsecount="0"/>
      <line num="221" count="1" type="cond" truecount="1" falsecount="0"/>
      <line num="222" count="1" type="stmt"/>
      <line num="223" count="1" type="cond" truecount="1" falsecount="0"/>
      <line num="224" count="6" type="stmt"/>
      <line num="225" count="6" type="cond" truecount="1" falsecount="0"/>
      <line num="226" count="6" type="cond" truecount="1" falsecount="0"/>
      <line num="227" count="1" type="stmt"/>
      <line num="228" count="1" type="stmt"/>
      <line num="229" count="6" type="cond" truecount="1" falsecount="0"/>
      <line num="230" count="1" type="stmt"/>
      <line num="231" count="1" type="stmt"/>
      <line num="232" count="6" type="cond" truecount="1" falsecount="0"/>
      <line num="233" count="1" type="stmt"/>
      <line num="234" count="1" type="stmt"/>
      <line num="235" count="6" type="cond" truecount="1" falsecount="0"/>
      <line num="236" count="1" type="stmt"/>
      <line num="237" count="1" type="stmt"/>
      <line num="238" count="6" type="cond" truecount="1" falsecount="0"/>
      <line num="239" count="1" type="stmt"/>
      <line num="240" count="1" type="stmt"/>
      <line num="241" count="1" type="stmt"/>
      <line num="242" count="1" type="stmt"/>
      <line num="243" count="1" type="stmt"/>
      <line num="244" count="1" type="stmt"/>
      <line num="245" count="1" type="stmt"/>
      <line num="246" count="1" type="stmt"/>
      <line num="247" count="1" type="stmt"/>
      <line num="248" count="1" type="stmt"/>
      <line num="249" count="1" type="stmt"/>
      <line num="250" count="1" type="stmt"/>
      <line num="251" count="1" type="stmt"/>
      <line num="252" count="1" type="stmt"/>
      <line num="253" count="1" type="stmt"/>
      <line num="254" count="1" type="stmt"/>
      <line num="255" count="1" type="stmt"/>
      <line num="256" count="1" type="stmt"/>
      <line num="257" count="1" type="stmt"/>
      <line num="258" count="1" type="stmt"/>
      <line num="259" count="1" type="stmt"/>
      <line num="260" count="1" type="stmt"/>
      <line num="261" count="1" type="stmt"/>
      <line num="262" count="1" type="stmt"/>
      <line num="263" count="1" type="stmt"/>
      <line num="264" count="1" type="stmt"/>
      <line num="265" count="1" type="stmt"/>
      <line num="266" count="1" type="stmt"/>
      <line num="267" count="1" type="stmt"/>
      <line num="268" count="1" type="stmt"/>
      <line num="269" count="6" type="stmt"/>
      <line num="270" count="1" type="stmt"/>
      <line num="271" count="1" type="stmt"/>
      <line num="272" count="1" type="stmt"/>
      <line num="273" count="1" type="stmt"/>
    </file>
  </project>
</coverage>
