{"/Users/calixkim/Phase2/metrics.js": {"path":"/Users/calixkim/Phase2/metrics.js","all":false,"statementMap":{"0":{"start":{"line":1,"column":0},"end":{"line":1,"column":13}},"1":{"start":{"line":2,"column":0},"end":{"line":2,"column":90}},"2":{"start":{"line":3,"column":0},"end":{"line":3,"column":112}},"3":{"start":{"line":4,"column":0},"end":{"line":4,"column":64}},"4":{"start":{"line":5,"column":0},"end":{"line":5,"column":99}},"5":{"start":{"line":6,"column":0},"end":{"line":6,"column":102}},"6":{"start":{"line":7,"column":0},"end":{"line":7,"column":118}},"7":{"start":{"line":8,"column":0},"end":{"line":8,"column":78}},"8":{"start":{"line":9,"column":0},"end":{"line":9,"column":7}},"9":{"start":{"line":10,"column":0},"end":{"line":10,"column":2}},"10":{"start":{"line":11,"column":0},"end":{"line":11,"column":74}},"11":{"start":{"line":12,"column":0},"end":{"line":12,"column":117}},"12":{"start":{"line":13,"column":0},"end":{"line":13,"column":157}},"13":{"start":{"line":14,"column":0},"end":{"line":14,"column":70}},"14":{"start":{"line":15,"column":0},"end":{"line":15,"column":23}},"15":{"start":{"line":16,"column":0},"end":{"line":16,"column":70}},"16":{"start":{"line":17,"column":0},"end":{"line":17,"column":23}},"17":{"start":{"line":18,"column":0},"end":{"line":18,"column":169}},"18":{"start":{"line":19,"column":0},"end":{"line":19,"column":52}},"19":{"start":{"line":20,"column":0},"end":{"line":20,"column":28}},"20":{"start":{"line":21,"column":0},"end":{"line":21,"column":46}},"21":{"start":{"line":22,"column":0},"end":{"line":22,"column":72}},"22":{"start":{"line":23,"column":0},"end":{"line":23,"column":65}},"23":{"start":{"line":24,"column":0},"end":{"line":24,"column":65}},"24":{"start":{"line":25,"column":0},"end":{"line":25,"column":24}},"25":{"start":{"line":26,"column":0},"end":{"line":26,"column":128}},"26":{"start":{"line":27,"column":0},"end":{"line":27,"column":106}},"27":{"start":{"line":28,"column":0},"end":{"line":28,"column":89}},"28":{"start":{"line":29,"column":0},"end":{"line":29,"column":87}},"29":{"start":{"line":30,"column":0},"end":{"line":30,"column":42}},"30":{"start":{"line":31,"column":0},"end":{"line":31,"column":43}},"31":{"start":{"line":32,"column":0},"end":{"line":32,"column":13}},"32":{"start":{"line":33,"column":0},"end":{"line":33,"column":39}},"33":{"start":{"line":34,"column":0},"end":{"line":34,"column":66}},"34":{"start":{"line":35,"column":0},"end":{"line":35,"column":89}},"35":{"start":{"line":36,"column":0},"end":{"line":36,"column":5}},"36":{"start":{"line":37,"column":0},"end":{"line":37,"column":2}},"37":{"start":{"line":38,"column":0},"end":{"line":38,"column":26}},"38":{"start":{"line":39,"column":0},"end":{"line":39,"column":196}},"39":{"start":{"line":40,"column":0},"end":{"line":40,"column":10}},"40":{"start":{"line":41,"column":0},"end":{"line":41,"column":52}},"41":{"start":{"line":42,"column":0},"end":{"line":42,"column":56}},"42":{"start":{"line":43,"column":0},"end":{"line":43,"column":74}},"43":{"start":{"line":44,"column":0},"end":{"line":44,"column":48}},"44":{"start":{"line":45,"column":0},"end":{"line":45,"column":32}},"45":{"start":{"line":46,"column":0},"end":{"line":46,"column":60}},"46":{"start":{"line":47,"column":0},"end":{"line":47,"column":20}},"47":{"start":{"line":48,"column":0},"end":{"line":48,"column":20}},"48":{"start":{"line":49,"column":0},"end":{"line":49,"column":62}},"49":{"start":{"line":50,"column":0},"end":{"line":50,"column":51}},"50":{"start":{"line":51,"column":0},"end":{"line":51,"column":49}},"51":{"start":{"line":52,"column":0},"end":{"line":52,"column":17}},"52":{"start":{"line":53,"column":0},"end":{"line":53,"column":51}},"53":{"start":{"line":54,"column":0},"end":{"line":54,"column":49}},"54":{"start":{"line":55,"column":0},"end":{"line":55,"column":17}},"55":{"start":{"line":56,"column":0},"end":{"line":56,"column":13}},"56":{"start":{"line":57,"column":0},"end":{"line":57,"column":39}},"57":{"start":{"line":58,"column":0},"end":{"line":58,"column":34}},"58":{"start":{"line":59,"column":0},"end":{"line":59,"column":62}},"59":{"start":{"line":60,"column":0},"end":{"line":60,"column":57}},"60":{"start":{"line":61,"column":0},"end":{"line":61,"column":38}},"61":{"start":{"line":62,"column":0},"end":{"line":62,"column":17}},"62":{"start":{"line":63,"column":0},"end":{"line":63,"column":13}},"63":{"start":{"line":64,"column":0},"end":{"line":64,"column":62}},"64":{"start":{"line":65,"column":0},"end":{"line":65,"column":41}},"65":{"start":{"line":66,"column":0},"end":{"line":66,"column":13}},"66":{"start":{"line":67,"column":0},"end":{"line":67,"column":18}},"67":{"start":{"line":68,"column":0},"end":{"line":68,"column":76}},"68":{"start":{"line":69,"column":0},"end":{"line":69,"column":13}},"69":{"start":{"line":70,"column":0},"end":{"line":70,"column":34}},"70":{"start":{"line":71,"column":0},"end":{"line":71,"column":11}},"71":{"start":{"line":72,"column":0},"end":{"line":72,"column":7}},"72":{"start":{"line":73,"column":0},"end":{"line":73,"column":1}},"73":{"start":{"line":74,"column":0},"end":{"line":74,"column":52}},"74":{"start":{"line":75,"column":0},"end":{"line":75,"column":10}},"75":{"start":{"line":76,"column":0},"end":{"line":76,"column":59}},"76":{"start":{"line":77,"column":0},"end":{"line":77,"column":56}},"77":{"start":{"line":78,"column":0},"end":{"line":78,"column":35}},"78":{"start":{"line":79,"column":0},"end":{"line":79,"column":48}},"79":{"start":{"line":80,"column":0},"end":{"line":80,"column":72}},"80":{"start":{"line":81,"column":0},"end":{"line":81,"column":46}},"81":{"start":{"line":82,"column":0},"end":{"line":82,"column":41}},"82":{"start":{"line":83,"column":0},"end":{"line":83,"column":13}},"83":{"start":{"line":84,"column":0},"end":{"line":84,"column":18}},"84":{"start":{"line":85,"column":0},"end":{"line":85,"column":62}},"85":{"start":{"line":86,"column":0},"end":{"line":86,"column":13}},"86":{"start":{"line":87,"column":0},"end":{"line":87,"column":34}},"87":{"start":{"line":88,"column":0},"end":{"line":88,"column":11}},"88":{"start":{"line":89,"column":0},"end":{"line":89,"column":7}},"89":{"start":{"line":90,"column":0},"end":{"line":90,"column":1}},"90":{"start":{"line":91,"column":0},"end":{"line":91,"column":54}},"91":{"start":{"line":92,"column":0},"end":{"line":92,"column":10}},"92":{"start":{"line":93,"column":0},"end":{"line":93,"column":50}},"93":{"start":{"line":94,"column":0},"end":{"line":94,"column":56}},"94":{"start":{"line":95,"column":0},"end":{"line":95,"column":48}},"95":{"start":{"line":96,"column":0},"end":{"line":96,"column":40}},"96":{"start":{"line":97,"column":0},"end":{"line":97,"column":41}},"97":{"start":{"line":98,"column":0},"end":{"line":98,"column":13}},"98":{"start":{"line":99,"column":0},"end":{"line":99,"column":18}},"99":{"start":{"line":100,"column":0},"end":{"line":100,"column":61}},"100":{"start":{"line":101,"column":0},"end":{"line":101,"column":13}},"101":{"start":{"line":102,"column":0},"end":{"line":102,"column":34}},"102":{"start":{"line":103,"column":0},"end":{"line":103,"column":11}},"103":{"start":{"line":104,"column":0},"end":{"line":104,"column":7}},"104":{"start":{"line":105,"column":0},"end":{"line":105,"column":1}},"105":{"start":{"line":106,"column":0},"end":{"line":106,"column":56}},"106":{"start":{"line":107,"column":0},"end":{"line":107,"column":74}},"107":{"start":{"line":108,"column":0},"end":{"line":108,"column":42}},"108":{"start":{"line":109,"column":0},"end":{"line":109,"column":56}},"109":{"start":{"line":110,"column":0},"end":{"line":110,"column":48}},"110":{"start":{"line":111,"column":0},"end":{"line":111,"column":39}},"111":{"start":{"line":112,"column":0},"end":{"line":112,"column":43}},"112":{"start":{"line":113,"column":0},"end":{"line":113,"column":13}},"113":{"start":{"line":114,"column":0},"end":{"line":114,"column":18}},"114":{"start":{"line":115,"column":0},"end":{"line":115,"column":58}},"115":{"start":{"line":116,"column":0},"end":{"line":116,"column":13}},"116":{"start":{"line":117,"column":0},"end":{"line":117,"column":35}},"117":{"start":{"line":118,"column":0},"end":{"line":118,"column":31}},"118":{"start":{"line":119,"column":0},"end":{"line":119,"column":108}},"119":{"start":{"line":120,"column":0},"end":{"line":120,"column":34}},"120":{"start":{"line":121,"column":0},"end":{"line":121,"column":115}},"121":{"start":{"line":122,"column":0},"end":{"line":122,"column":36}},"122":{"start":{"line":123,"column":0},"end":{"line":123,"column":101}},"123":{"start":{"line":124,"column":0},"end":{"line":124,"column":31}},"124":{"start":{"line":125,"column":0},"end":{"line":125,"column":101}},"125":{"start":{"line":126,"column":0},"end":{"line":126,"column":36}},"126":{"start":{"line":127,"column":0},"end":{"line":127,"column":101}},"127":{"start":{"line":128,"column":0},"end":{"line":128,"column":36}},"128":{"start":{"line":129,"column":0},"end":{"line":129,"column":115}},"129":{"start":{"line":130,"column":0},"end":{"line":130,"column":42}},"130":{"start":{"line":131,"column":0},"end":{"line":131,"column":115}},"131":{"start":{"line":132,"column":0},"end":{"line":132,"column":36}},"132":{"start":{"line":133,"column":0},"end":{"line":133,"column":126}},"133":{"start":{"line":134,"column":0},"end":{"line":134,"column":28}},"134":{"start":{"line":135,"column":0},"end":{"line":135,"column":64}},"135":{"start":{"line":136,"column":0},"end":{"line":136,"column":31}},"136":{"start":{"line":137,"column":0},"end":{"line":137,"column":64}},"137":{"start":{"line":138,"column":0},"end":{"line":138,"column":33}},"138":{"start":{"line":139,"column":0},"end":{"line":139,"column":84}},"139":{"start":{"line":140,"column":0},"end":{"line":140,"column":36}},"140":{"start":{"line":141,"column":0},"end":{"line":141,"column":101}},"141":{"start":{"line":142,"column":0},"end":{"line":142,"column":29}},"142":{"start":{"line":143,"column":0},"end":{"line":143,"column":69}},"143":{"start":{"line":144,"column":0},"end":{"line":144,"column":31}},"144":{"start":{"line":145,"column":0},"end":{"line":145,"column":101}},"145":{"start":{"line":146,"column":0},"end":{"line":146,"column":31}},"146":{"start":{"line":147,"column":0},"end":{"line":147,"column":100}},"147":{"start":{"line":148,"column":0},"end":{"line":148,"column":31}},"148":{"start":{"line":149,"column":0},"end":{"line":149,"column":65}},"149":{"start":{"line":150,"column":0},"end":{"line":150,"column":32}},"150":{"start":{"line":151,"column":0},"end":{"line":151,"column":101}},"151":{"start":{"line":152,"column":0},"end":{"line":152,"column":32}},"152":{"start":{"line":153,"column":0},"end":{"line":153,"column":141}},"153":{"start":{"line":154,"column":0},"end":{"line":154,"column":31}},"154":{"start":{"line":155,"column":0},"end":{"line":155,"column":104}},"155":{"start":{"line":156,"column":0},"end":{"line":156,"column":31}},"156":{"start":{"line":157,"column":0},"end":{"line":157,"column":65}},"157":{"start":{"line":158,"column":0},"end":{"line":158,"column":32}},"158":{"start":{"line":159,"column":0},"end":{"line":159,"column":65}},"159":{"start":{"line":160,"column":0},"end":{"line":160,"column":32}},"160":{"start":{"line":161,"column":0},"end":{"line":161,"column":65}},"161":{"start":{"line":162,"column":0},"end":{"line":162,"column":27}},"162":{"start":{"line":163,"column":0},"end":{"line":163,"column":69}},"163":{"start":{"line":164,"column":0},"end":{"line":164,"column":33}},"164":{"start":{"line":165,"column":0},"end":{"line":165,"column":84}},"165":{"start":{"line":166,"column":0},"end":{"line":166,"column":29}},"166":{"start":{"line":167,"column":0},"end":{"line":167,"column":84}},"167":{"start":{"line":168,"column":0},"end":{"line":168,"column":35}},"168":{"start":{"line":169,"column":0},"end":{"line":169,"column":69}},"169":{"start":{"line":170,"column":0},"end":{"line":170,"column":31}},"170":{"start":{"line":171,"column":0},"end":{"line":171,"column":114}},"171":{"start":{"line":172,"column":0},"end":{"line":172,"column":31}},"172":{"start":{"line":173,"column":0},"end":{"line":173,"column":122}},"173":{"start":{"line":174,"column":0},"end":{"line":174,"column":34}},"174":{"start":{"line":175,"column":0},"end":{"line":175,"column":99}},"175":{"start":{"line":176,"column":0},"end":{"line":176,"column":31}},"176":{"start":{"line":177,"column":0},"end":{"line":177,"column":100}},"177":{"start":{"line":178,"column":0},"end":{"line":178,"column":28}},"178":{"start":{"line":179,"column":0},"end":{"line":179,"column":113}},"179":{"start":{"line":180,"column":0},"end":{"line":180,"column":33}},"180":{"start":{"line":181,"column":0},"end":{"line":181,"column":45}},"181":{"start":{"line":182,"column":0},"end":{"line":182,"column":28}},"182":{"start":{"line":183,"column":0},"end":{"line":183,"column":99}},"183":{"start":{"line":184,"column":0},"end":{"line":184,"column":24}},"184":{"start":{"line":185,"column":0},"end":{"line":185,"column":45}},"185":{"start":{"line":186,"column":0},"end":{"line":186,"column":13}},"186":{"start":{"line":187,"column":0},"end":{"line":187,"column":34}},"187":{"start":{"line":188,"column":0},"end":{"line":188,"column":11}},"188":{"start":{"line":189,"column":0},"end":{"line":189,"column":7}},"189":{"start":{"line":190,"column":0},"end":{"line":190,"column":1}},"190":{"start":{"line":191,"column":0},"end":{"line":191,"column":46}},"191":{"start":{"line":192,"column":0},"end":{"line":192,"column":68}},"192":{"start":{"line":193,"column":0},"end":{"line":193,"column":59}},"193":{"start":{"line":194,"column":0},"end":{"line":194,"column":56}},"194":{"start":{"line":195,"column":0},"end":{"line":195,"column":48}},"195":{"start":{"line":196,"column":0},"end":{"line":196,"column":62}},"196":{"start":{"line":197,"column":0},"end":{"line":197,"column":41}},"197":{"start":{"line":198,"column":0},"end":{"line":198,"column":13}},"198":{"start":{"line":199,"column":0},"end":{"line":199,"column":69}},"199":{"start":{"line":200,"column":0},"end":{"line":200,"column":43}},"200":{"start":{"line":201,"column":0},"end":{"line":201,"column":13}},"201":{"start":{"line":202,"column":0},"end":{"line":202,"column":69}},"202":{"start":{"line":203,"column":0},"end":{"line":203,"column":43}},"203":{"start":{"line":204,"column":0},"end":{"line":204,"column":13}},"204":{"start":{"line":205,"column":0},"end":{"line":205,"column":70}},"205":{"start":{"line":206,"column":0},"end":{"line":206,"column":43}},"206":{"start":{"line":207,"column":0},"end":{"line":207,"column":13}},"207":{"start":{"line":208,"column":0},"end":{"line":208,"column":71}},"208":{"start":{"line":209,"column":0},"end":{"line":209,"column":43}},"209":{"start":{"line":210,"column":0},"end":{"line":210,"column":13}},"210":{"start":{"line":211,"column":0},"end":{"line":211,"column":40}},"211":{"start":{"line":212,"column":0},"end":{"line":212,"column":41}},"212":{"start":{"line":213,"column":0},"end":{"line":213,"column":13}},"213":{"start":{"line":214,"column":0},"end":{"line":214,"column":34}},"214":{"start":{"line":215,"column":0},"end":{"line":215,"column":11}},"215":{"start":{"line":216,"column":0},"end":{"line":216,"column":7}},"216":{"start":{"line":217,"column":0},"end":{"line":217,"column":1}},"217":{"start":{"line":218,"column":0},"end":{"line":218,"column":60}},"218":{"start":{"line":219,"column":0},"end":{"line":219,"column":11}},"219":{"start":{"line":220,"column":0},"end":{"line":220,"column":148}},"220":{"start":{"line":221,"column":0},"end":{"line":221,"column":56}},"221":{"start":{"line":222,"column":0},"end":{"line":222,"column":201}},"222":{"start":{"line":223,"column":0},"end":{"line":223,"column":48}},"223":{"start":{"line":224,"column":0},"end":{"line":224,"column":31}},"224":{"start":{"line":225,"column":0},"end":{"line":225,"column":88}},"225":{"start":{"line":226,"column":0},"end":{"line":226,"column":23}},"226":{"start":{"line":227,"column":0},"end":{"line":227,"column":43}},"227":{"start":{"line":228,"column":0},"end":{"line":228,"column":91}},"228":{"start":{"line":229,"column":0},"end":{"line":229,"column":23}},"229":{"start":{"line":230,"column":0},"end":{"line":230,"column":44}},"230":{"start":{"line":231,"column":0},"end":{"line":231,"column":82}},"231":{"start":{"line":232,"column":0},"end":{"line":232,"column":23}},"232":{"start":{"line":233,"column":0},"end":{"line":233,"column":45}},"233":{"start":{"line":234,"column":0},"end":{"line":234,"column":74}},"234":{"start":{"line":235,"column":0},"end":{"line":235,"column":23}},"235":{"start":{"line":236,"column":0},"end":{"line":236,"column":40}},"236":{"start":{"line":237,"column":0},"end":{"line":237,"column":91}},"237":{"start":{"line":238,"column":0},"end":{"line":238,"column":23}},"238":{"start":{"line":239,"column":0},"end":{"line":239,"column":47}},"239":{"start":{"line":240,"column":0},"end":{"line":240,"column":127}},"240":{"start":{"line":241,"column":0},"end":{"line":241,"column":76}},"241":{"start":{"line":242,"column":0},"end":{"line":242,"column":77}},"242":{"start":{"line":243,"column":0},"end":{"line":243,"column":80}},"243":{"start":{"line":244,"column":0},"end":{"line":244,"column":78}},"244":{"start":{"line":245,"column":0},"end":{"line":245,"column":93}},"245":{"start":{"line":246,"column":0},"end":{"line":246,"column":72}},"246":{"start":{"line":247,"column":0},"end":{"line":247,"column":31}},"247":{"start":{"line":248,"column":0},"end":{"line":248,"column":47}},"248":{"start":{"line":249,"column":0},"end":{"line":249,"column":81}},"249":{"start":{"line":250,"column":0},"end":{"line":250,"column":84}},"250":{"start":{"line":251,"column":0},"end":{"line":251,"column":87}},"251":{"start":{"line":252,"column":0},"end":{"line":252,"column":85}},"252":{"start":{"line":253,"column":0},"end":{"line":253,"column":100}},"253":{"start":{"line":254,"column":0},"end":{"line":254,"column":78}},"254":{"start":{"line":255,"column":0},"end":{"line":255,"column":25}},"255":{"start":{"line":256,"column":0},"end":{"line":256,"column":22}},"256":{"start":{"line":257,"column":0},"end":{"line":257,"column":48}},"257":{"start":{"line":258,"column":0},"end":{"line":258,"column":43}},"258":{"start":{"line":259,"column":0},"end":{"line":259,"column":45}},"259":{"start":{"line":260,"column":0},"end":{"line":260,"column":53}},"260":{"start":{"line":261,"column":0},"end":{"line":261,"column":61}},"261":{"start":{"line":262,"column":0},"end":{"line":262,"column":59}},"262":{"start":{"line":263,"column":0},"end":{"line":263,"column":81}},"263":{"start":{"line":264,"column":0},"end":{"line":264,"column":52}},"264":{"start":{"line":265,"column":0},"end":{"line":265,"column":24}},"265":{"start":{"line":266,"column":0},"end":{"line":266,"column":49}},"266":{"start":{"line":267,"column":0},"end":{"line":267,"column":53}},"267":{"start":{"line":268,"column":0},"end":{"line":268,"column":45}},"268":{"start":{"line":269,"column":0},"end":{"line":269,"column":13}},"269":{"start":{"line":270,"column":0},"end":{"line":270,"column":11}},"270":{"start":{"line":271,"column":0},"end":{"line":271,"column":7}},"271":{"start":{"line":272,"column":0},"end":{"line":272,"column":1}},"272":{"start":{"line":273,"column":0},"end":{"line":273,"column":50}}},"s":{"0":1,"1":1,"2":35,"3":35,"4":35,"5":35,"6":35,"7":35,"8":35,"9":35,"10":1,"11":35,"12":35,"13":35,"14":35,"15":40,"16":40,"17":80,"18":80,"19":80,"20":80,"21":80,"22":80,"23":80,"24":80,"25":35,"26":35,"27":35,"28":35,"29":0,"30":0,"31":80,"32":40,"33":80,"34":40,"35":40,"36":35,"37":1,"38":1,"39":1,"40":10,"41":10,"42":10,"43":10,"44":10,"45":10,"46":10,"47":10,"48":10,"49":25,"50":18,"51":18,"52":25,"53":0,"54":0,"55":25,"56":10,"57":10,"58":10,"59":25,"60":18,"61":18,"62":25,"63":10,"64":5,"65":5,"66":5,"67":5,"68":5,"69":0,"70":10,"71":10,"72":10,"73":1,"74":1,"75":6,"76":6,"77":6,"78":6,"79":6,"80":6,"81":2,"82":2,"83":4,"84":4,"85":4,"86":0,"87":6,"88":6,"89":6,"90":1,"91":1,"92":5,"93":5,"94":5,"95":5,"96":1,"97":1,"98":4,"99":4,"100":4,"101":0,"102":5,"103":5,"104":5,"105":1,"106":1,"107":5,"108":5,"109":5,"110":5,"111":1,"112":1,"113":4,"114":4,"115":4,"116":5,"117":5,"118":5,"119":5,"120":5,"121":5,"122":5,"123":5,"124":5,"125":5,"126":5,"127":5,"128":5,"129":5,"130":5,"131":5,"132":5,"133":5,"134":5,"135":5,"136":5,"137":5,"138":5,"139":5,"140":5,"141":5,"142":5,"143":5,"144":5,"145":5,"146":5,"147":5,"148":5,"149":5,"150":5,"151":5,"152":5,"153":5,"154":5,"155":5,"156":5,"157":5,"158":5,"159":5,"160":5,"161":5,"162":5,"163":5,"164":5,"165":5,"166":5,"167":5,"168":5,"169":5,"170":5,"171":5,"172":5,"173":5,"174":5,"175":5,"176":5,"177":5,"178":5,"179":5,"180":1,"181":5,"182":5,"183":5,"184":2,"185":5,"186":0,"187":5,"188":5,"189":5,"190":1,"191":1,"192":8,"193":8,"194":8,"195":8,"196":2,"197":2,"198":6,"199":1,"200":1,"201":5,"202":1,"203":1,"204":4,"205":1,"206":1,"207":3,"208":1,"209":1,"210":2,"211":2,"212":2,"213":0,"214":8,"215":8,"216":8,"217":1,"218":1,"219":1,"220":1,"221":1,"222":1,"223":6,"224":6,"225":6,"226":1,"227":1,"228":6,"229":1,"230":1,"231":6,"232":1,"233":1,"234":6,"235":1,"236":1,"237":6,"238":1,"239":1,"240":1,"241":1,"242":1,"243":1,"244":1,"245":1,"246":1,"247":1,"248":1,"249":1,"250":1,"251":1,"252":1,"253":1,"254":1,"255":1,"256":1,"257":1,"258":1,"259":1,"260":1,"261":1,"262":1,"263":1,"264":1,"265":1,"266":1,"267":1,"268":6,"269":1,"270":1,"271":1,"272":1},"branchMap":{"0":{"type":"branch","line":2,"loc":{"start":{"line":2,"column":17},"end":{"line":2,"column":39}},"locations":[{"start":{"line":2,"column":17},"end":{"line":2,"column":39}}]},"1":{"type":"branch","line":11,"loc":{"start":{"line":11,"column":19},"end":{"line":11,"column":43}},"locations":[{"start":{"line":11,"column":19},"end":{"line":11,"column":43}}]},"2":{"type":"branch","line":2,"loc":{"start":{"line":2,"column":44},"end":{"line":10,"column":2}},"locations":[{"start":{"line":2,"column":44},"end":{"line":10,"column":2}}]},"3":{"type":"branch","line":3,"loc":{"start":{"line":3,"column":4},"end":{"line":3,"column":112}},"locations":[{"start":{"line":3,"column":4},"end":{"line":3,"column":112}}]},"4":{"type":"branch","line":3,"loc":{"start":{"line":3,"column":61},"end":{"line":3,"column":109}},"locations":[{"start":{"line":3,"column":61},"end":{"line":3,"column":109}}]},"5":{"type":"branch","line":4,"loc":{"start":{"line":4,"column":36},"end":{"line":9,"column":5}},"locations":[{"start":{"line":4,"column":36},"end":{"line":9,"column":5}}]},"6":{"type":"branch","line":5,"loc":{"start":{"line":5,"column":8},"end":{"line":5,"column":99}},"locations":[{"start":{"line":5,"column":8},"end":{"line":5,"column":99}}]},"7":{"type":"branch","line":5,"loc":{"start":{"line":5,"column":73},"end":{"line":5,"column":98}},"locations":[{"start":{"line":5,"column":73},"end":{"line":5,"column":98}}]},"8":{"type":"branch","line":7,"loc":{"start":{"line":7,"column":8},"end":{"line":7,"column":118}},"locations":[{"start":{"line":7,"column":8},"end":{"line":7,"column":118}}]},"9":{"type":"branch","line":7,"loc":{"start":{"line":7,"column":43},"end":{"line":7,"column":67}},"locations":[{"start":{"line":7,"column":43},"end":{"line":7,"column":67}}]},"10":{"type":"branch","line":7,"loc":{"start":{"line":7,"column":67},"end":{"line":7,"column":115}},"locations":[{"start":{"line":7,"column":67},"end":{"line":7,"column":115}}]},"11":{"type":"branch","line":11,"loc":{"start":{"line":11,"column":48},"end":{"line":37,"column":2}},"locations":[{"start":{"line":11,"column":48},"end":{"line":37,"column":2}}]},"12":{"type":"branch","line":12,"loc":{"start":{"line":12,"column":30},"end":{"line":12,"column":83}},"locations":[{"start":{"line":12,"column":30},"end":{"line":12,"column":83}}]},"13":{"type":"branch","line":12,"loc":{"start":{"line":12,"column":57},"end":{"line":12,"column":69}},"locations":[{"start":{"line":12,"column":57},"end":{"line":12,"column":69}}]},"14":{"type":"branch","line":14,"loc":{"start":{"line":14,"column":4},"end":{"line":14,"column":70}},"locations":[{"start":{"line":14,"column":4},"end":{"line":14,"column":70}}]},"15":{"type":"branch","line":14,"loc":{"start":{"line":14,"column":30},"end":{"line":14,"column":67}},"locations":[{"start":{"line":14,"column":30},"end":{"line":14,"column":67}}]},"16":{"type":"branch","line":15,"loc":{"start":{"line":15,"column":4},"end":{"line":36,"column":5}},"locations":[{"start":{"line":15,"column":4},"end":{"line":36,"column":5}}]},"17":{"type":"branch","line":16,"loc":{"start":{"line":16,"column":15},"end":{"line":16,"column":70}},"locations":[{"start":{"line":16,"column":15},"end":{"line":16,"column":70}}]},"18":{"type":"branch","line":17,"loc":{"start":{"line":17,"column":18},"end":{"line":34,"column":66}},"locations":[{"start":{"line":17,"column":18},"end":{"line":34,"column":66}}]},"19":{"type":"branch","line":18,"loc":{"start":{"line":18,"column":24},"end":{"line":18,"column":126}},"locations":[{"start":{"line":18,"column":24},"end":{"line":18,"column":126}}]},"20":{"type":"branch","line":18,"loc":{"start":{"line":18,"column":126},"end":{"line":18,"column":158}},"locations":[{"start":{"line":18,"column":126},"end":{"line":18,"column":158}}]},"21":{"type":"branch","line":18,"loc":{"start":{"line":18,"column":160},"end":{"line":18,"column":169}},"locations":[{"start":{"line":18,"column":160},"end":{"line":18,"column":169}}]},"22":{"type":"branch","line":19,"loc":{"start":{"line":19,"column":26},"end":{"line":19,"column":52}},"locations":[{"start":{"line":19,"column":26},"end":{"line":19,"column":52}}]},"23":{"type":"branch","line":21,"loc":{"start":{"line":21,"column":16},"end":{"line":21,"column":24}},"locations":[{"start":{"line":21,"column":16},"end":{"line":21,"column":24}}]},"24":{"type":"branch","line":21,"loc":{"start":{"line":21,"column":24},"end":{"line":21,"column":46}},"locations":[{"start":{"line":21,"column":24},"end":{"line":21,"column":46}}]},"25":{"type":"branch","line":22,"loc":{"start":{"line":22,"column":16},"end":{"line":22,"column":72}},"locations":[{"start":{"line":22,"column":16},"end":{"line":22,"column":72}}]},"26":{"type":"branch","line":23,"loc":{"start":{"line":23,"column":16},"end":{"line":23,"column":65}},"locations":[{"start":{"line":23,"column":16},"end":{"line":23,"column":65}}]},"27":{"type":"branch","line":24,"loc":{"start":{"line":24,"column":16},"end":{"line":24,"column":65}},"locations":[{"start":{"line":24,"column":16},"end":{"line":24,"column":65}}]},"28":{"type":"branch","line":25,"loc":{"start":{"line":25,"column":16},"end":{"line":31,"column":43}},"locations":[{"start":{"line":25,"column":16},"end":{"line":31,"column":43}}]},"29":{"type":"branch","line":26,"loc":{"start":{"line":26,"column":54},"end":{"line":26,"column":73}},"locations":[{"start":{"line":26,"column":54},"end":{"line":26,"column":73}}]},"30":{"type":"branch","line":26,"loc":{"start":{"line":26,"column":127},"end":{"line":27,"column":77}},"locations":[{"start":{"line":26,"column":127},"end":{"line":27,"column":77}}]},"31":{"type":"branch","line":27,"loc":{"start":{"line":27,"column":79},"end":{"line":28,"column":53}},"locations":[{"start":{"line":27,"column":79},"end":{"line":28,"column":53}}]},"32":{"type":"branch","line":28,"loc":{"start":{"line":28,"column":55},"end":{"line":29,"column":43}},"locations":[{"start":{"line":28,"column":55},"end":{"line":29,"column":43}}]},"33":{"type":"branch","line":29,"loc":{"start":{"line":29,"column":45},"end":{"line":31,"column":43}},"locations":[{"start":{"line":29,"column":45},"end":{"line":31,"column":43}}]},"34":{"type":"branch","line":32,"loc":{"start":{"line":32,"column":12},"end":{"line":34,"column":10}},"locations":[{"start":{"line":32,"column":12},"end":{"line":34,"column":10}}]},"35":{"type":"branch","line":34,"loc":{"start":{"line":34,"column":10},"end":{"line":34,"column":43}},"locations":[{"start":{"line":34,"column":10},"end":{"line":34,"column":43}}]},"36":{"type":"branch","line":34,"loc":{"start":{"line":34,"column":43},"end":{"line":34,"column":52}},"locations":[{"start":{"line":34,"column":43},"end":{"line":34,"column":52}}]},"37":{"type":"branch","line":34,"loc":{"start":{"line":34,"column":65},"end":{"line":35,"column":23}},"locations":[{"start":{"line":34,"column":65},"end":{"line":35,"column":23}}]},"38":{"type":"branch","line":35,"loc":{"start":{"line":35,"column":23},"end":{"line":35,"column":36}},"locations":[{"start":{"line":35,"column":23},"end":{"line":35,"column":36}}]},"39":{"type":"branch","line":35,"loc":{"start":{"line":35,"column":34},"end":{"line":35,"column":65}},"locations":[{"start":{"line":35,"column":34},"end":{"line":35,"column":65}}]},"40":{"type":"branch","line":35,"loc":{"start":{"line":35,"column":65},"end":{"line":35,"column":74}},"locations":[{"start":{"line":35,"column":65},"end":{"line":35,"column":74}}]},"41":{"type":"branch","line":41,"loc":{"start":{"line":41,"column":0},"end":{"line":73,"column":1}},"locations":[{"start":{"line":41,"column":0},"end":{"line":73,"column":1}}]},"42":{"type":"branch","line":42,"loc":{"start":{"line":42,"column":43},"end":{"line":72,"column":5}},"locations":[{"start":{"line":42,"column":43},"end":{"line":72,"column":5}}]},"43":{"type":"branch","line":44,"loc":{"start":{"line":44,"column":33},"end":{"line":71,"column":9}},"locations":[{"start":{"line":44,"column":33},"end":{"line":71,"column":9}}]},"44":{"type":"branch","line":49,"loc":{"start":{"line":49,"column":61},"end":{"line":56,"column":13}},"locations":[{"start":{"line":49,"column":61},"end":{"line":56,"column":13}}]},"45":{"type":"branch","line":50,"loc":{"start":{"line":50,"column":50},"end":{"line":52,"column":17}},"locations":[{"start":{"line":50,"column":50},"end":{"line":52,"column":17}}]},"46":{"type":"branch","line":53,"loc":{"start":{"line":53,"column":50},"end":{"line":55,"column":17}},"locations":[{"start":{"line":53,"column":50},"end":{"line":55,"column":17}}]},"47":{"type":"branch","line":59,"loc":{"start":{"line":59,"column":61},"end":{"line":63,"column":13}},"locations":[{"start":{"line":59,"column":61},"end":{"line":63,"column":13}}]},"48":{"type":"branch","line":60,"loc":{"start":{"line":60,"column":56},"end":{"line":62,"column":17}},"locations":[{"start":{"line":60,"column":56},"end":{"line":62,"column":17}}]},"49":{"type":"branch","line":64,"loc":{"start":{"line":64,"column":61},"end":{"line":69,"column":13}},"locations":[{"start":{"line":64,"column":61},"end":{"line":69,"column":13}}]},"50":{"type":"branch","line":69,"loc":{"start":{"line":69,"column":12},"end":{"line":71,"column":9}},"locations":[{"start":{"line":69,"column":12},"end":{"line":71,"column":9}}]},"51":{"type":"branch","line":76,"loc":{"start":{"line":76,"column":0},"end":{"line":90,"column":1}},"locations":[{"start":{"line":76,"column":0},"end":{"line":90,"column":1}}]},"52":{"type":"branch","line":77,"loc":{"start":{"line":77,"column":43},"end":{"line":89,"column":5}},"locations":[{"start":{"line":77,"column":43},"end":{"line":89,"column":5}}]},"53":{"type":"branch","line":79,"loc":{"start":{"line":79,"column":33},"end":{"line":88,"column":9}},"locations":[{"start":{"line":79,"column":33},"end":{"line":88,"column":9}}]},"54":{"type":"branch","line":81,"loc":{"start":{"line":81,"column":45},"end":{"line":83,"column":13}},"locations":[{"start":{"line":81,"column":45},"end":{"line":83,"column":13}}]},"55":{"type":"branch","line":84,"loc":{"start":{"line":84,"column":-1},"end":{"line":86,"column":13}},"locations":[{"start":{"line":84,"column":-1},"end":{"line":86,"column":13}}]},"56":{"type":"branch","line":86,"loc":{"start":{"line":86,"column":12},"end":{"line":88,"column":9}},"locations":[{"start":{"line":86,"column":12},"end":{"line":88,"column":9}}]},"57":{"type":"branch","line":93,"loc":{"start":{"line":93,"column":0},"end":{"line":105,"column":1}},"locations":[{"start":{"line":93,"column":0},"end":{"line":105,"column":1}}]},"58":{"type":"branch","line":94,"loc":{"start":{"line":94,"column":43},"end":{"line":104,"column":5}},"locations":[{"start":{"line":94,"column":43},"end":{"line":104,"column":5}}]},"59":{"type":"branch","line":95,"loc":{"start":{"line":95,"column":33},"end":{"line":103,"column":9}},"locations":[{"start":{"line":95,"column":33},"end":{"line":103,"column":9}}]},"60":{"type":"branch","line":96,"loc":{"start":{"line":96,"column":39},"end":{"line":98,"column":13}},"locations":[{"start":{"line":96,"column":39},"end":{"line":98,"column":13}}]},"61":{"type":"branch","line":99,"loc":{"start":{"line":99,"column":-1},"end":{"line":101,"column":13}},"locations":[{"start":{"line":99,"column":-1},"end":{"line":101,"column":13}}]},"62":{"type":"branch","line":101,"loc":{"start":{"line":101,"column":12},"end":{"line":103,"column":9}},"locations":[{"start":{"line":101,"column":12},"end":{"line":103,"column":9}}]},"63":{"type":"branch","line":108,"loc":{"start":{"line":108,"column":0},"end":{"line":190,"column":1}},"locations":[{"start":{"line":108,"column":0},"end":{"line":190,"column":1}}]},"64":{"type":"branch","line":109,"loc":{"start":{"line":109,"column":43},"end":{"line":189,"column":5}},"locations":[{"start":{"line":109,"column":43},"end":{"line":189,"column":5}}]},"65":{"type":"branch","line":110,"loc":{"start":{"line":110,"column":33},"end":{"line":188,"column":9}},"locations":[{"start":{"line":110,"column":33},"end":{"line":188,"column":9}}]},"66":{"type":"branch","line":111,"loc":{"start":{"line":111,"column":38},"end":{"line":113,"column":13}},"locations":[{"start":{"line":111,"column":38},"end":{"line":113,"column":13}}]},"67":{"type":"branch","line":114,"loc":{"start":{"line":114,"column":-1},"end":{"line":116,"column":13}},"locations":[{"start":{"line":114,"column":-1},"end":{"line":116,"column":13}}]},"68":{"type":"branch","line":118,"loc":{"start":{"line":118,"column":16},"end":{"line":119,"column":48}},"locations":[{"start":{"line":118,"column":16},"end":{"line":119,"column":48}}]},"69":{"type":"branch","line":120,"loc":{"start":{"line":120,"column":16},"end":{"line":121,"column":48}},"locations":[{"start":{"line":120,"column":16},"end":{"line":121,"column":48}}]},"70":{"type":"branch","line":122,"loc":{"start":{"line":122,"column":16},"end":{"line":123,"column":48}},"locations":[{"start":{"line":122,"column":16},"end":{"line":123,"column":48}}]},"71":{"type":"branch","line":124,"loc":{"start":{"line":124,"column":16},"end":{"line":125,"column":48}},"locations":[{"start":{"line":124,"column":16},"end":{"line":125,"column":48}}]},"72":{"type":"branch","line":126,"loc":{"start":{"line":126,"column":16},"end":{"line":127,"column":48}},"locations":[{"start":{"line":126,"column":16},"end":{"line":127,"column":48}}]},"73":{"type":"branch","line":128,"loc":{"start":{"line":128,"column":16},"end":{"line":129,"column":48}},"locations":[{"start":{"line":128,"column":16},"end":{"line":129,"column":48}}]},"74":{"type":"branch","line":130,"loc":{"start":{"line":130,"column":16},"end":{"line":131,"column":48}},"locations":[{"start":{"line":130,"column":16},"end":{"line":131,"column":48}}]},"75":{"type":"branch","line":132,"loc":{"start":{"line":132,"column":16},"end":{"line":133,"column":48}},"locations":[{"start":{"line":132,"column":16},"end":{"line":133,"column":48}}]},"76":{"type":"branch","line":134,"loc":{"start":{"line":134,"column":16},"end":{"line":135,"column":46}},"locations":[{"start":{"line":134,"column":16},"end":{"line":135,"column":46}}]},"77":{"type":"branch","line":136,"loc":{"start":{"line":136,"column":16},"end":{"line":137,"column":46}},"locations":[{"start":{"line":136,"column":16},"end":{"line":137,"column":46}}]},"78":{"type":"branch","line":138,"loc":{"start":{"line":138,"column":16},"end":{"line":139,"column":48}},"locations":[{"start":{"line":138,"column":16},"end":{"line":139,"column":48}}]},"79":{"type":"branch","line":140,"loc":{"start":{"line":140,"column":16},"end":{"line":141,"column":48}},"locations":[{"start":{"line":140,"column":16},"end":{"line":141,"column":48}}]},"80":{"type":"branch","line":142,"loc":{"start":{"line":142,"column":16},"end":{"line":143,"column":46}},"locations":[{"start":{"line":142,"column":16},"end":{"line":143,"column":46}}]},"81":{"type":"branch","line":144,"loc":{"start":{"line":144,"column":16},"end":{"line":145,"column":48}},"locations":[{"start":{"line":144,"column":16},"end":{"line":145,"column":48}}]},"82":{"type":"branch","line":146,"loc":{"start":{"line":146,"column":16},"end":{"line":147,"column":48}},"locations":[{"start":{"line":146,"column":16},"end":{"line":147,"column":48}}]},"83":{"type":"branch","line":148,"loc":{"start":{"line":148,"column":16},"end":{"line":149,"column":48}},"locations":[{"start":{"line":148,"column":16},"end":{"line":149,"column":48}}]},"84":{"type":"branch","line":150,"loc":{"start":{"line":150,"column":16},"end":{"line":151,"column":48}},"locations":[{"start":{"line":150,"column":16},"end":{"line":151,"column":48}}]},"85":{"type":"branch","line":152,"loc":{"start":{"line":152,"column":16},"end":{"line":153,"column":48}},"locations":[{"start":{"line":152,"column":16},"end":{"line":153,"column":48}}]},"86":{"type":"branch","line":154,"loc":{"start":{"line":154,"column":16},"end":{"line":155,"column":48}},"locations":[{"start":{"line":154,"column":16},"end":{"line":155,"column":48}}]},"87":{"type":"branch","line":156,"loc":{"start":{"line":156,"column":16},"end":{"line":157,"column":48}},"locations":[{"start":{"line":156,"column":16},"end":{"line":157,"column":48}}]},"88":{"type":"branch","line":158,"loc":{"start":{"line":158,"column":16},"end":{"line":159,"column":46}},"locations":[{"start":{"line":158,"column":16},"end":{"line":159,"column":46}}]},"89":{"type":"branch","line":160,"loc":{"start":{"line":160,"column":16},"end":{"line":161,"column":46}},"locations":[{"start":{"line":160,"column":16},"end":{"line":161,"column":46}}]},"90":{"type":"branch","line":162,"loc":{"start":{"line":162,"column":16},"end":{"line":163,"column":46}},"locations":[{"start":{"line":162,"column":16},"end":{"line":163,"column":46}}]},"91":{"type":"branch","line":164,"loc":{"start":{"line":164,"column":16},"end":{"line":165,"column":48}},"locations":[{"start":{"line":164,"column":16},"end":{"line":165,"column":48}}]},"92":{"type":"branch","line":166,"loc":{"start":{"line":166,"column":16},"end":{"line":167,"column":48}},"locations":[{"start":{"line":166,"column":16},"end":{"line":167,"column":48}}]},"93":{"type":"branch","line":168,"loc":{"start":{"line":168,"column":16},"end":{"line":169,"column":46}},"locations":[{"start":{"line":168,"column":16},"end":{"line":169,"column":46}}]},"94":{"type":"branch","line":170,"loc":{"start":{"line":170,"column":16},"end":{"line":171,"column":48}},"locations":[{"start":{"line":170,"column":16},"end":{"line":171,"column":48}}]},"95":{"type":"branch","line":172,"loc":{"start":{"line":172,"column":16},"end":{"line":173,"column":48}},"locations":[{"start":{"line":172,"column":16},"end":{"line":173,"column":48}}]},"96":{"type":"branch","line":174,"loc":{"start":{"line":174,"column":16},"end":{"line":175,"column":48}},"locations":[{"start":{"line":174,"column":16},"end":{"line":175,"column":48}}]},"97":{"type":"branch","line":176,"loc":{"start":{"line":176,"column":16},"end":{"line":177,"column":48}},"locations":[{"start":{"line":176,"column":16},"end":{"line":177,"column":48}}]},"98":{"type":"branch","line":178,"loc":{"start":{"line":178,"column":16},"end":{"line":179,"column":48}},"locations":[{"start":{"line":178,"column":16},"end":{"line":179,"column":48}}]},"99":{"type":"branch","line":180,"loc":{"start":{"line":180,"column":16},"end":{"line":181,"column":45}},"locations":[{"start":{"line":180,"column":16},"end":{"line":181,"column":45}}]},"100":{"type":"branch","line":182,"loc":{"start":{"line":182,"column":16},"end":{"line":183,"column":48}},"locations":[{"start":{"line":182,"column":16},"end":{"line":183,"column":48}}]},"101":{"type":"branch","line":184,"loc":{"start":{"line":184,"column":16},"end":{"line":185,"column":45}},"locations":[{"start":{"line":184,"column":16},"end":{"line":185,"column":45}}]},"102":{"type":"branch","line":186,"loc":{"start":{"line":186,"column":12},"end":{"line":188,"column":9}},"locations":[{"start":{"line":186,"column":12},"end":{"line":188,"column":9}}]},"103":{"type":"branch","line":193,"loc":{"start":{"line":193,"column":0},"end":{"line":217,"column":1}},"locations":[{"start":{"line":193,"column":0},"end":{"line":217,"column":1}}]},"104":{"type":"branch","line":194,"loc":{"start":{"line":194,"column":43},"end":{"line":216,"column":5}},"locations":[{"start":{"line":194,"column":43},"end":{"line":216,"column":5}}]},"105":{"type":"branch","line":195,"loc":{"start":{"line":195,"column":33},"end":{"line":215,"column":9}},"locations":[{"start":{"line":195,"column":33},"end":{"line":215,"column":9}}]},"106":{"type":"branch","line":196,"loc":{"start":{"line":196,"column":45},"end":{"line":198,"column":13}},"locations":[{"start":{"line":196,"column":45},"end":{"line":198,"column":13}}]},"107":{"type":"branch","line":199,"loc":{"start":{"line":199,"column":-1},"end":{"line":213,"column":13}},"locations":[{"start":{"line":199,"column":-1},"end":{"line":213,"column":13}}]},"108":{"type":"branch","line":199,"loc":{"start":{"line":199,"column":51},"end":{"line":201,"column":13}},"locations":[{"start":{"line":199,"column":51},"end":{"line":201,"column":13}}]},"109":{"type":"branch","line":202,"loc":{"start":{"line":202,"column":-1},"end":{"line":213,"column":13}},"locations":[{"start":{"line":202,"column":-1},"end":{"line":213,"column":13}}]},"110":{"type":"branch","line":202,"loc":{"start":{"line":202,"column":51},"end":{"line":204,"column":13}},"locations":[{"start":{"line":202,"column":51},"end":{"line":204,"column":13}}]},"111":{"type":"branch","line":205,"loc":{"start":{"line":205,"column":-1},"end":{"line":213,"column":13}},"locations":[{"start":{"line":205,"column":-1},"end":{"line":213,"column":13}}]},"112":{"type":"branch","line":205,"loc":{"start":{"line":205,"column":51},"end":{"line":207,"column":13}},"locations":[{"start":{"line":205,"column":51},"end":{"line":207,"column":13}}]},"113":{"type":"branch","line":208,"loc":{"start":{"line":208,"column":-1},"end":{"line":213,"column":13}},"locations":[{"start":{"line":208,"column":-1},"end":{"line":213,"column":13}}]},"114":{"type":"branch","line":208,"loc":{"start":{"line":208,"column":52},"end":{"line":210,"column":13}},"locations":[{"start":{"line":208,"column":52},"end":{"line":210,"column":13}}]},"115":{"type":"branch","line":211,"loc":{"start":{"line":211,"column":-1},"end":{"line":213,"column":13}},"locations":[{"start":{"line":211,"column":-1},"end":{"line":213,"column":13}}]},"116":{"type":"branch","line":213,"loc":{"start":{"line":213,"column":12},"end":{"line":215,"column":9}},"locations":[{"start":{"line":213,"column":12},"end":{"line":215,"column":9}}]},"117":{"type":"branch","line":220,"loc":{"start":{"line":220,"column":0},"end":{"line":272,"column":1}},"locations":[{"start":{"line":220,"column":0},"end":{"line":272,"column":1}}]},"118":{"type":"branch","line":221,"loc":{"start":{"line":221,"column":43},"end":{"line":271,"column":5}},"locations":[{"start":{"line":221,"column":43},"end":{"line":271,"column":5}}]},"119":{"type":"branch","line":223,"loc":{"start":{"line":223,"column":33},"end":{"line":270,"column":9}},"locations":[{"start":{"line":223,"column":33},"end":{"line":270,"column":9}}]},"120":{"type":"branch","line":225,"loc":{"start":{"line":225,"column":16},"end":{"line":225,"column":88}},"locations":[{"start":{"line":225,"column":16},"end":{"line":225,"column":88}}]},"121":{"type":"branch","line":226,"loc":{"start":{"line":226,"column":16},"end":{"line":228,"column":91}},"locations":[{"start":{"line":226,"column":16},"end":{"line":228,"column":91}}]},"122":{"type":"branch","line":229,"loc":{"start":{"line":229,"column":16},"end":{"line":231,"column":82}},"locations":[{"start":{"line":229,"column":16},"end":{"line":231,"column":82}}]},"123":{"type":"branch","line":232,"loc":{"start":{"line":232,"column":16},"end":{"line":234,"column":74}},"locations":[{"start":{"line":232,"column":16},"end":{"line":234,"column":74}}]},"124":{"type":"branch","line":235,"loc":{"start":{"line":235,"column":16},"end":{"line":237,"column":91}},"locations":[{"start":{"line":235,"column":16},"end":{"line":237,"column":91}}]},"125":{"type":"branch","line":238,"loc":{"start":{"line":238,"column":16},"end":{"line":268,"column":45}},"locations":[{"start":{"line":238,"column":16},"end":{"line":268,"column":45}}]}},"b":{"0":[0],"1":[0],"2":[35],"3":[5],"4":[0],"5":[35],"6":[5],"7":[0],"8":[40],"9":[35],"10":[5],"11":[35],"12":[5],"13":[0],"14":[105],"15":[40],"16":[40],"17":[0],"18":[80],"19":[0],"20":[0],"21":[0],"22":[0],"23":[40],"24":[40],"25":[5],"26":[0],"27":[0],"28":[35],"29":[0],"30":[0],"31":[0],"32":[0],"33":[0],"34":[40],"35":[0],"36":[40],"37":[35],"38":[0],"39":[35],"40":[0],"41":[10],"42":[10],"43":[10],"44":[25],"45":[18],"46":[0],"47":[25],"48":[18],"49":[5],"50":[0],"51":[6],"52":[6],"53":[6],"54":[2],"55":[4],"56":[0],"57":[5],"58":[5],"59":[5],"60":[1],"61":[4],"62":[0],"63":[5],"64":[5],"65":[5],"66":[1],"67":[4],"68":[0],"69":[0],"70":[0],"71":[0],"72":[0],"73":[0],"74":[0],"75":[1],"76":[0],"77":[0],"78":[0],"79":[0],"80":[0],"81":[0],"82":[0],"83":[0],"84":[0],"85":[0],"86":[0],"87":[0],"88":[0],"89":[0],"90":[0],"91":[0],"92":[0],"93":[1],"94":[0],"95":[0],"96":[0],"97":[0],"98":[0],"99":[1],"100":[0],"101":[2],"102":[0],"103":[8],"104":[8],"105":[8],"106":[2],"107":[6],"108":[1],"109":[5],"110":[1],"111":[4],"112":[1],"113":[3],"114":[1],"115":[2],"116":[0],"117":[1],"118":[1],"119":[6],"120":[1],"121":[1],"122":[1],"123":[1],"124":[1],"125":[1]},"fnMap":{"0":{"name":"Object.<anonymous>.__awaiter","decl":{"start":{"line":2,"column":44},"end":{"line":10,"column":2}},"loc":{"start":{"line":2,"column":44},"end":{"line":10,"column":2}},"line":2},"1":{"name":"adopt","decl":{"start":{"line":3,"column":4},"end":{"line":3,"column":112}},"loc":{"start":{"line":3,"column":4},"end":{"line":3,"column":112}},"line":3},"2":{"name":"fulfilled","decl":{"start":{"line":5,"column":8},"end":{"line":5,"column":99}},"loc":{"start":{"line":5,"column":8},"end":{"line":5,"column":99}},"line":5},"3":{"name":"rejected","decl":{"start":{"line":6,"column":8},"end":{"line":6,"column":102}},"loc":{"start":{"line":6,"column":8},"end":{"line":6,"column":102}},"line":6},"4":{"name":"step","decl":{"start":{"line":7,"column":8},"end":{"line":7,"column":118}},"loc":{"start":{"line":7,"column":8},"end":{"line":7,"column":118}},"line":7},"5":{"name":"Object.<anonymous>.__generator","decl":{"start":{"line":11,"column":48},"end":{"line":37,"column":2}},"loc":{"start":{"line":11,"column":48},"end":{"line":37,"column":2}},"line":11},"6":{"name":"sent","decl":{"start":{"line":12,"column":30},"end":{"line":12,"column":83}},"loc":{"start":{"line":12,"column":30},"end":{"line":12,"column":83}},"line":12},"7":{"name":"g.<computed>","decl":{"start":{"line":13,"column":125},"end":{"line":13,"column":152}},"loc":{"start":{"line":13,"column":125},"end":{"line":13,"column":152}},"line":13},"8":{"name":"verb","decl":{"start":{"line":14,"column":4},"end":{"line":14,"column":70}},"loc":{"start":{"line":14,"column":4},"end":{"line":14,"column":70}},"line":14},"9":{"name":"step","decl":{"start":{"line":15,"column":4},"end":{"line":36,"column":5}},"loc":{"start":{"line":15,"column":4},"end":{"line":36,"column":5}},"line":15},"10":{"name":"calculate_bus_factor","decl":{"start":{"line":41,"column":0},"end":{"line":73,"column":1}},"loc":{"start":{"line":41,"column":0},"end":{"line":73,"column":1}},"line":41},"11":{"name":"calculate_correctness","decl":{"start":{"line":76,"column":0},"end":{"line":90,"column":1}},"loc":{"start":{"line":76,"column":0},"end":{"line":90,"column":1}},"line":76},"12":{"name":"calculate_ramp_up_time","decl":{"start":{"line":93,"column":0},"end":{"line":105,"column":1}},"loc":{"start":{"line":93,"column":0},"end":{"line":105,"column":1}},"line":93},"13":{"name":"calculate_license","decl":{"start":{"line":108,"column":0},"end":{"line":190,"column":1}},"loc":{"start":{"line":108,"column":0},"end":{"line":190,"column":1}},"line":108},"14":{"name":"calculate_responsiveness","decl":{"start":{"line":193,"column":0},"end":{"line":217,"column":1}},"loc":{"start":{"line":193,"column":0},"end":{"line":217,"column":1}},"line":193},"15":{"name":"calculate_net_score","decl":{"start":{"line":220,"column":0},"end":{"line":272,"column":1}},"loc":{"start":{"line":220,"column":0},"end":{"line":272,"column":1}},"line":220}},"f":{"0":35,"1":5,"2":5,"3":0,"4":40,"5":35,"6":5,"7":0,"8":105,"9":40,"10":10,"11":6,"12":5,"13":5,"14":8,"15":1}}
}
