TN:
SF:metrics.js
FN:2,Object.<anonymous>.__awaiter
FN:3,adopt
FN:5,fulfilled
FN:6,rejected
FN:7,step
FN:11,Object.<anonymous>.__generator
FN:12,sent
FN:13,g.<computed>
FN:14,verb
FN:15,step
FN:41,calculate_bus_factor
FN:76,calculate_correctness
FN:93,calculate_ramp_up_time
FN:108,calculate_license
FN:193,calculate_responsiveness
FN:220,calculate_net_score
FNF:16
FNH:14
FNDA:35,Object.<anonymous>.__awaiter
FNDA:5,adopt
FNDA:5,fulfilled
FNDA:0,rejected
FNDA:40,step
FNDA:35,Object.<anonymous>.__generator
FNDA:5,sent
FNDA:0,g.<computed>
FNDA:105,verb
FNDA:40,step
FNDA:10,calculate_bus_factor
FNDA:6,calculate_correctness
FNDA:5,calculate_ramp_up_time
FNDA:5,calculate_license
FNDA:8,calculate_responsiveness
FNDA:1,calculate_net_score
DA:1,1
DA:2,1
DA:3,35
DA:4,35
DA:5,35
DA:6,35
DA:7,35
DA:8,35
DA:9,35
DA:10,35
DA:11,1
DA:12,35
DA:13,35
DA:14,35
DA:15,35
DA:16,40
DA:17,40
DA:18,80
DA:19,80
DA:20,80
DA:21,80
DA:22,80
DA:23,80
DA:24,80
DA:25,80
DA:26,35
DA:27,35
DA:28,35
DA:29,35
DA:30,0
DA:31,0
DA:32,80
DA:33,40
DA:34,80
DA:35,40
DA:36,40
DA:37,35
DA:38,1
DA:39,1
DA:40,1
DA:41,10
DA:42,10
DA:43,10
DA:44,10
DA:45,10
DA:46,10
DA:47,10
DA:48,10
DA:49,10
DA:50,25
DA:51,18
DA:52,18
DA:53,25
DA:54,0
DA:55,0
DA:56,25
DA:57,10
DA:58,10
DA:59,10
DA:60,25
DA:61,18
DA:62,18
DA:63,25
DA:64,10
DA:65,5
DA:66,5
DA:67,5
DA:68,5
DA:69,5
DA:70,0
DA:71,10
DA:72,10
DA:73,10
DA:74,1
DA:75,1
DA:76,6
DA:77,6
DA:78,6
DA:79,6
DA:80,6
DA:81,6
DA:82,2
DA:83,2
DA:84,4
DA:85,4
DA:86,4
DA:87,0
DA:88,6
DA:89,6
DA:90,6
DA:91,1
DA:92,1
DA:93,5
DA:94,5
DA:95,5
DA:96,5
DA:97,1
DA:98,1
DA:99,4
DA:100,4
DA:101,4
DA:102,0
DA:103,5
DA:104,5
DA:105,5
DA:106,1
DA:107,1
DA:108,5
DA:109,5
DA:110,5
DA:111,5
DA:112,1
DA:113,1
DA:114,4
DA:115,4
DA:116,4
DA:117,5
DA:118,5
DA:119,5
DA:120,5
DA:121,5
DA:122,5
DA:123,5
DA:124,5
DA:125,5
DA:126,5
DA:127,5
DA:128,5
DA:129,5
DA:130,5
DA:131,5
DA:132,5
DA:133,5
DA:134,5
DA:135,5
DA:136,5
DA:137,5
DA:138,5
DA:139,5
DA:140,5
DA:141,5
DA:142,5
DA:143,5
DA:144,5
DA:145,5
DA:146,5
DA:147,5
DA:148,5
DA:149,5
DA:150,5
DA:151,5
DA:152,5
DA:153,5
DA:154,5
DA:155,5
DA:156,5
DA:157,5
DA:158,5
DA:159,5
DA:160,5
DA:161,5
DA:162,5
DA:163,5
DA:164,5
DA:165,5
DA:166,5
DA:167,5
DA:168,5
DA:169,5
DA:170,5
DA:171,5
DA:172,5
DA:173,5
DA:174,5
DA:175,5
DA:176,5
DA:177,5
DA:178,5
DA:179,5
DA:180,5
DA:181,1
DA:182,5
DA:183,5
DA:184,5
DA:185,2
DA:186,5
DA:187,0
DA:188,5
DA:189,5
DA:190,5
DA:191,1
DA:192,1
DA:193,8
DA:194,8
DA:195,8
DA:196,8
DA:197,2
DA:198,2
DA:199,6
DA:200,1
DA:201,1
DA:202,5
DA:203,1
DA:204,1
DA:205,4
DA:206,1
DA:207,1
DA:208,3
DA:209,1
DA:210,1
DA:211,2
DA:212,2
DA:213,2
DA:214,0
DA:215,8
DA:216,8
DA:217,8
DA:218,1
DA:219,1
DA:220,1
DA:221,1
DA:222,1
DA:223,1
DA:224,6
DA:225,6
DA:226,6
DA:227,1
DA:228,1
DA:229,6
DA:230,1
DA:231,1
DA:232,6
DA:233,1
DA:234,1
DA:235,6
DA:236,1
DA:237,1
DA:238,6
DA:239,1
DA:240,1
DA:241,1
DA:242,1
DA:243,1
DA:244,1
DA:245,1
DA:246,1
DA:247,1
DA:248,1
DA:249,1
DA:250,1
DA:251,1
DA:252,1
DA:253,1
DA:254,1
DA:255,1
DA:256,1
DA:257,1
DA:258,1
DA:259,1
DA:260,1
DA:261,1
DA:262,1
DA:263,1
DA:264,1
DA:265,1
DA:266,1
DA:267,1
DA:268,1
DA:269,6
DA:270,1
DA:271,1
DA:272,1
DA:273,1
LF:273
LH:264
BRDA:2,0,0,0
BRDA:11,1,0,0
BRDA:2,2,0,35
BRDA:3,3,0,5
BRDA:3,4,0,0
BRDA:4,5,0,35
BRDA:5,6,0,5
BRDA:5,7,0,0
BRDA:7,8,0,40
BRDA:7,9,0,35
BRDA:7,10,0,5
BRDA:11,11,0,35
BRDA:12,12,0,5
BRDA:12,13,0,0
BRDA:14,14,0,105
BRDA:14,15,0,40
BRDA:15,16,0,40
BRDA:16,17,0,0
BRDA:17,18,0,80
BRDA:18,19,0,0
BRDA:18,20,0,0
BRDA:18,21,0,0
BRDA:19,22,0,0
BRDA:21,23,0,40
BRDA:21,24,0,40
BRDA:22,25,0,5
BRDA:23,26,0,0
BRDA:24,27,0,0
BRDA:25,28,0,35
BRDA:26,29,0,0
BRDA:26,30,0,0
BRDA:27,31,0,0
BRDA:28,32,0,0
BRDA:29,33,0,0
BRDA:32,34,0,40
BRDA:34,35,0,0
BRDA:34,36,0,40
BRDA:34,37,0,35
BRDA:35,38,0,0
BRDA:35,39,0,35
BRDA:35,40,0,0
BRDA:41,41,0,10
BRDA:42,42,0,10
BRDA:44,43,0,10
BRDA:49,44,0,25
BRDA:50,45,0,18
BRDA:53,46,0,0
BRDA:59,47,0,25
BRDA:60,48,0,18
BRDA:64,49,0,5
BRDA:69,50,0,0
BRDA:76,51,0,6
BRDA:77,52,0,6
BRDA:79,53,0,6
BRDA:81,54,0,2
BRDA:84,55,0,4
BRDA:86,56,0,0
BRDA:93,57,0,5
BRDA:94,58,0,5
BRDA:95,59,0,5
BRDA:96,60,0,1
BRDA:99,61,0,4
BRDA:101,62,0,0
BRDA:108,63,0,5
BRDA:109,64,0,5
BRDA:110,65,0,5
BRDA:111,66,0,1
BRDA:114,67,0,4
BRDA:118,68,0,0
BRDA:120,69,0,0
BRDA:122,70,0,0
BRDA:124,71,0,0
BRDA:126,72,0,0
BRDA:128,73,0,0
BRDA:130,74,0,0
BRDA:132,75,0,1
BRDA:134,76,0,0
BRDA:136,77,0,0
BRDA:138,78,0,0
BRDA:140,79,0,0
BRDA:142,80,0,0
BRDA:144,81,0,0
BRDA:146,82,0,0
BRDA:148,83,0,0
BRDA:150,84,0,0
BRDA:152,85,0,0
BRDA:154,86,0,0
BRDA:156,87,0,0
BRDA:158,88,0,0
BRDA:160,89,0,0
BRDA:162,90,0,0
BRDA:164,91,0,0
BRDA:166,92,0,0
BRDA:168,93,0,1
BRDA:170,94,0,0
BRDA:172,95,0,0
BRDA:174,96,0,0
BRDA:176,97,0,0
BRDA:178,98,0,0
BRDA:180,99,0,1
BRDA:182,100,0,0
BRDA:184,101,0,2
BRDA:186,102,0,0
BRDA:193,103,0,8
BRDA:194,104,0,8
BRDA:195,105,0,8
BRDA:196,106,0,2
BRDA:199,107,0,6
BRDA:199,108,0,1
BRDA:202,109,0,5
BRDA:202,110,0,1
BRDA:205,111,0,4
BRDA:205,112,0,1
BRDA:208,113,0,3
BRDA:208,114,0,1
BRDA:211,115,0,2
BRDA:213,116,0,0
BRDA:220,117,0,1
BRDA:221,118,0,1
BRDA:223,119,0,6
BRDA:225,120,0,1
BRDA:226,121,0,1
BRDA:229,122,0,1
BRDA:232,123,0,1
BRDA:235,124,0,1
BRDA:238,125,0,1
BRF:126
BRH:70
end_of_record
